<?xml version="1.0" encoding="UTF-8"?>
<!-- Generated by org.testng.reporters.JUnitReportReporter -->
<testsuite hostname="idea-PC" name="com.wipro.selenium.Task1A2" tests="1" failures="0" timestamp="24 Jun 2020 12:38:50 GMT" time="4.204" errors="1">
  <testcase name="test2" time="4.204" classname="com.wipro.selenium.Task1A2">
    <error type="java.lang.NoClassDefFoundError" message="org/apache/commons/lang3/ObjectUtils">
      <![CDATA[java.lang.NoClassDefFoundError: org/apache/commons/lang3/ObjectUtils
	at com.opencsv.CSVParser.<init>(CSVParser.java:99)
	at com.opencsv.CSVReader.<init>(CSVReader.java:97)
	at com.wipro.selenium.Base.ReadData(Base.java:47)
	at com.wipro.selenium.Task1A2.test2(Task1A2.java:28)
	at sun.reflect.NativeMethodAccessorImpl.invoke0(Native Method)
	at sun.reflect.NativeMethodAccessorImpl.invoke(Unknown Source)
	at sun.reflect.DelegatingMethodAccessorImpl.invoke(Unknown Source)
	at java.lang.reflect.Method.invoke(Unknown Source)
	at org.testng.internal.MethodInvocationHelper.invokeMethod(MethodInvocationHelper.java:86)
	at org.testng.internal.Invoker.invokeMethod(Invoker.java:645)
	at org.testng.internal.Invoker.invokeTestMethod(Invoker.java:822)
	at org.testng.internal.Invoker.invokeTestMethods(Invoker.java:1130)
	at org.testng.internal.TestMethodWorker.invokeTestMethods(TestMethodWorker.java:129)
	at org.testng.internal.TestMethodWorker.run(TestMethodWorker.java:112)
	at java.util.concurrent.ThreadPoolExecutor.runWorker(Unknown Source)
	at java.util.concurrent.ThreadPoolExecutor$Worker.run(Unknown Source)
	at java.lang.Thread.run(Unknown Source)
Caused by: java.lang.ClassNotFoundException: org.apache.commons.lang3.ObjectUtils
	at java.net.URLClassLoader.findClass(Unknown Source)
	at java.lang.ClassLoader.loadClass(Unknown Source)
	at sun.misc.Launcher$AppClassLoader.loadClass(Unknown Source)
	at java.lang.ClassLoader.loadClass(Unknown Source)
	... 17 more
]]>
    </error>
  </testcase> <!-- test2 -->
</testsuite> <!-- com.wipro.selenium.Task1A2 -->
