<?xml version="1.0" encoding="UTF-8"?>
<!-- Generated by org.testng.reporters.JUnitReportReporter -->
<testsuite hostname="idea-PC" name="com.wipro.selenium.Task3A1" tests="1" failures="0" timestamp="24 Jun 2020 13:27:31 GMT" time="28.709" errors="0">
  <testcase name="testq" time="28.709" classname="com.wipro.selenium.Task3A1"/>
</testsuite> <!-- com.wipro.selenium.Task3A1 -->
