<?xml version="1.0" encoding="UTF-8"?>
<!-- Generated by org.testng.reporters.JUnitReportReporter -->
<testsuite hostname="idea-PC" name="com.wipro.selenium.Task1A1" tests="1" failures="0" timestamp="24 Jun 2020 12:38:51 GMT" time="15.695" errors="0">
  <testcase name="test1" time="15.695" classname="com.wipro.selenium.Task1A1"/>
</testsuite> <!-- com.wipro.selenium.Task1A1 -->
