<?xml version="1.0" encoding="UTF-8"?>
<!-- Generated by org.testng.reporters.JUnitReportReporter -->
<testsuite hostname="idea-PC" name="com.wipro.selenium.Task2A2" tests="1" failures="0" timestamp="24 Jun 2020 12:38:51 GMT" time="20.794" errors="0">
  <testcase name="test4" time="20.794" classname="com.wipro.selenium.Task2A2"/>
</testsuite> <!-- com.wipro.selenium.Task2A2 -->
